WARNING:tensorflow:<tensorflow.python.ops.rnn_cell.BasicLSTMCell object at 0x2b6f5323f150>: Using a concatenated state is slower and will soon be deprecated.  Use state_is_tuple=True.
WARNING:tensorflow:<tensorflow.python.ops.rnn_cell.BasicLSTMCell object at 0x2b6f526b4490>: Using a concatenated state is slower and will soon be deprecated.  Use state_is_tuple=True.
Extracting ../data/train-images-idx3-ubyte.gz
Extracting ../data/train-labels-idx1-ubyte.gz
Extracting ../data/t10k-images-idx3-ubyte.gz
Extracting ../data/t10k-labels-idx1-ubyte.gz
Running LNGRU model with DAU of 1
('%s: Using a concatenated state is slower and will soon be deprecated.  Use state_is_tuple=True.', <layers.LNBasicLSTMCell object at 0x2b6f532128d0>)
('%s: Using a concatenated state is slower and will soon be deprecated.  Use state_is_tuple=True.', <layers.HyperLnLSTMCell object at 0x2b6f53212690>)
Using LNGRU model
Variable:0
Variable_1:0
RNN/MultiRNNCell/Cell0/LNGRUCell/Gates/Layer_Parameters/s1:0
RNN/MultiRNNCell/Cell0/LNGRUCell/Gates/Layer_Parameters/s2:0
RNN/MultiRNNCell/Cell0/LNGRUCell/Gates/Layer_Parameters/s3:0
RNN/MultiRNNCell/Cell0/LNGRUCell/Gates/Layer_Parameters/s4:0
RNN/MultiRNNCell/Cell0/LNGRUCell/Gates/Layer_Parameters/b1:0
RNN/MultiRNNCell/Cell0/LNGRUCell/Gates/Layer_Parameters/b2:0
RNN/MultiRNNCell/Cell0/LNGRUCell/Gates/Layer_Parameters/b3:0
RNN/MultiRNNCell/Cell0/LNGRUCell/Gates/Layer_Parameters/b4:0
RNN/MultiRNNCell/Cell0/LNGRUCell/Gates/out_1/Matrix:0
RNN/MultiRNNCell/Cell0/LNGRUCell/Gates/out_2/Matrix:0
RNN/MultiRNNCell/Cell0/LNGRUCell/Candidate/out_3/Matrix:0
RNN/MultiRNNCell/Cell0/LNGRUCell/Candidate/out_4/Matrix:0
Iter 1280, Minibatch Loss= 2.035569, Training Accuracy= 0.37500
Testing Accuracy: 0.351562
Iter 2560, Minibatch Loss= 1.207893, Training Accuracy= 0.65625
Testing Accuracy: 0.5625
Iter 3840, Minibatch Loss= 1.294454, Training Accuracy= 0.53906
Testing Accuracy: 0.679688
Iter 5120, Minibatch Loss= 1.027998, Training Accuracy= 0.68750
Testing Accuracy: 0.695312
Iter 6400, Minibatch Loss= 0.849610, Training Accuracy= 0.71875
Testing Accuracy: 0.703125
Iter 7680, Minibatch Loss= 1.130827, Training Accuracy= 0.65625
Testing Accuracy: 0.734375
Iter 8960, Minibatch Loss= 0.958244, Training Accuracy= 0.68750
Testing Accuracy: 0.757812
Iter 10240, Minibatch Loss= 0.594748, Training Accuracy= 0.82031
Testing Accuracy: 0.78125
Iter 11520, Minibatch Loss= 0.508458, Training Accuracy= 0.84375
Testing Accuracy: 0.796875
Iter 12800, Minibatch Loss= 0.821848, Training Accuracy= 0.71875
Testing Accuracy: 0.820312
Iter 14080, Minibatch Loss= 0.453290, Training Accuracy= 0.83594
Testing Accuracy: 0.828125
Iter 15360, Minibatch Loss= 0.394079, Training Accuracy= 0.86719
Testing Accuracy: 0.875
Iter 16640, Minibatch Loss= 0.519816, Training Accuracy= 0.83594
Testing Accuracy: 0.851562
Iter 17920, Minibatch Loss= 0.430453, Training Accuracy= 0.85938
Testing Accuracy: 0.890625
Iter 19200, Minibatch Loss= 0.284618, Training Accuracy= 0.91406
Testing Accuracy: 0.921875
Iter 20480, Minibatch Loss= 0.156341, Training Accuracy= 0.96094
Testing Accuracy: 0.882812
Iter 21760, Minibatch Loss= 0.525794, Training Accuracy= 0.84375
Testing Accuracy: 0.90625
Iter 23040, Minibatch Loss= 0.306026, Training Accuracy= 0.92969
Testing Accuracy: 0.875
Iter 24320, Minibatch Loss= 0.444340, Training Accuracy= 0.83594
Testing Accuracy: 0.898438
Iter 25600, Minibatch Loss= 0.471027, Training Accuracy= 0.84375
Testing Accuracy: 0.890625
Iter 26880, Minibatch Loss= 0.387995, Training Accuracy= 0.85938
Testing Accuracy: 0.890625
Iter 28160, Minibatch Loss= 0.280710, Training Accuracy= 0.91406
Testing Accuracy: 0.90625
Iter 29440, Minibatch Loss= 0.303026, Training Accuracy= 0.87500
Testing Accuracy: 0.875
Iter 30720, Minibatch Loss= 0.244112, Training Accuracy= 0.89844
Testing Accuracy: 0.859375
Iter 32000, Minibatch Loss= 0.255018, Training Accuracy= 0.89844
Testing Accuracy: 0.929688
Iter 33280, Minibatch Loss= 0.264672, Training Accuracy= 0.92188
Testing Accuracy: 0.9375
Iter 34560, Minibatch Loss= 0.272601, Training Accuracy= 0.89844
Testing Accuracy: 0.960938
Iter 35840, Minibatch Loss= 0.198438, Training Accuracy= 0.95312
Testing Accuracy: 0.890625
Iter 37120, Minibatch Loss= 0.233805, Training Accuracy= 0.93750
Testing Accuracy: 0.9375
Iter 38400, Minibatch Loss= 0.201392, Training Accuracy= 0.92969
Testing Accuracy: 0.90625
Iter 39680, Minibatch Loss= 0.131705, Training Accuracy= 0.95312
Testing Accuracy: 0.914062
Iter 40960, Minibatch Loss= 0.369182, Training Accuracy= 0.88281
Testing Accuracy: 0.929688
Iter 42240, Minibatch Loss= 0.274113, Training Accuracy= 0.89844
Testing Accuracy: 0.96875
Iter 43520, Minibatch Loss= 0.149574, Training Accuracy= 0.94531
Testing Accuracy: 0.960938
Iter 44800, Minibatch Loss= 0.101432, Training Accuracy= 0.96094
Testing Accuracy: 0.945312
Iter 46080, Minibatch Loss= 0.125398, Training Accuracy= 0.93750
Testing Accuracy: 0.960938
Iter 47360, Minibatch Loss= 0.190140, Training Accuracy= 0.93750
Testing Accuracy: 0.96875
Iter 48640, Minibatch Loss= 0.181476, Training Accuracy= 0.93750
Testing Accuracy: 0.960938
Iter 49920, Minibatch Loss= 0.190974, Training Accuracy= 0.91406
Testing Accuracy: 0.976562
Iter 51200, Minibatch Loss= 0.133474, Training Accuracy= 0.96094
Testing Accuracy: 0.96875
Iter 52480, Minibatch Loss= 0.111196, Training Accuracy= 0.95312
Testing Accuracy: 0.953125
Iter 53760, Minibatch Loss= 0.035676, Training Accuracy= 0.99219
Testing Accuracy: 0.976562
Iter 55040, Minibatch Loss= 0.111394, Training Accuracy= 0.96094
Testing Accuracy: 0.9375
Iter 56320, Minibatch Loss= 0.184667, Training Accuracy= 0.92969
Testing Accuracy: 0.96875
Iter 57600, Minibatch Loss= 0.128101, Training Accuracy= 0.94531
Testing Accuracy: 0.9375
Iter 58880, Minibatch Loss= 0.099862, Training Accuracy= 0.94531
Testing Accuracy: 0.96875
Iter 60160, Minibatch Loss= 0.133255, Training Accuracy= 0.96094
Testing Accuracy: 0.976562
Iter 61440, Minibatch Loss= 0.124074, Training Accuracy= 0.95312
Testing Accuracy: 0.960938
Iter 62720, Minibatch Loss= 0.134871, Training Accuracy= 0.94531
Testing Accuracy: 0.984375
Iter 64000, Minibatch Loss= 0.201570, Training Accuracy= 0.94531
Testing Accuracy: 0.9375
Iter 65280, Minibatch Loss= 0.101332, Training Accuracy= 0.97656
Testing Accuracy: 0.96875
Iter 66560, Minibatch Loss= 0.108339, Training Accuracy= 0.95312
Testing Accuracy: 0.984375
Iter 67840, Minibatch Loss= 0.100828, Training Accuracy= 0.96875
Testing Accuracy: 0.960938
Iter 69120, Minibatch Loss= 0.073398, Training Accuracy= 0.97656
Testing Accuracy: 0.96875
Iter 70400, Minibatch Loss= 0.059915, Training Accuracy= 0.98438
Testing Accuracy: 0.976562
Iter 71680, Minibatch Loss= 0.120213, Training Accuracy= 0.96875
Testing Accuracy: 0.976562
Iter 72960, Minibatch Loss= 0.117884, Training Accuracy= 0.96094
Testing Accuracy: 0.96875
Iter 74240, Minibatch Loss= 0.034790, Training Accuracy= 0.99219
Testing Accuracy: 0.953125
Iter 75520, Minibatch Loss= 0.106237, Training Accuracy= 0.96094
Testing Accuracy: 0.960938
Iter 76800, Minibatch Loss= 0.084986, Training Accuracy= 0.96094
Testing Accuracy: 0.984375
Iter 78080, Minibatch Loss= 0.070961, Training Accuracy= 0.97656
Testing Accuracy: 0.976562
Iter 79360, Minibatch Loss= 0.172060, Training Accuracy= 0.96875
Testing Accuracy: 0.984375
Iter 80640, Minibatch Loss= 0.146332, Training Accuracy= 0.94531
Testing Accuracy: 0.984375
Iter 81920, Minibatch Loss= 0.105338, Training Accuracy= 0.96094
Testing Accuracy: 0.960938
Iter 83200, Minibatch Loss= 0.030929, Training Accuracy= 1.00000
Testing Accuracy: 0.976562
Iter 84480, Minibatch Loss= 0.191927, Training Accuracy= 0.94531
Testing Accuracy: 0.96875
Iter 85760, Minibatch Loss= 0.133335, Training Accuracy= 0.95312
Testing Accuracy: 0.992188
Iter 87040, Minibatch Loss= 0.148016, Training Accuracy= 0.96094
Testing Accuracy: 0.992188
Iter 88320, Minibatch Loss= 0.120863, Training Accuracy= 0.96094
Testing Accuracy: 0.953125
Iter 89600, Minibatch Loss= 0.129922, Training Accuracy= 0.96094
Testing Accuracy: 0.96875
Iter 90880, Minibatch Loss= 0.034599, Training Accuracy= 0.99219
Testing Accuracy: 0.984375
Iter 92160, Minibatch Loss= 0.053282, Training Accuracy= 0.99219
Testing Accuracy: 0.96875
Iter 93440, Minibatch Loss= 0.120765, Training Accuracy= 0.96875
Testing Accuracy: 0.984375
Iter 94720, Minibatch Loss= 0.057503, Training Accuracy= 0.96875
Testing Accuracy: 0.976562
Iter 96000, Minibatch Loss= 0.164415, Training Accuracy= 0.95312
Testing Accuracy: 0.96875
Iter 97280, Minibatch Loss= 0.154867, Training Accuracy= 0.98438
Testing Accuracy: 0.976562
Iter 98560, Minibatch Loss= 0.055823, Training Accuracy= 0.98438
Testing Accuracy: 0.976562
Iter 99840, Minibatch Loss= 0.082572, Training Accuracy= 0.97656
Testing Accuracy: 0.984375
Optimization Finished!
Testing Accuracy: 0.984375
