WARNING:tensorflow:<tensorflow.python.ops.rnn_cell.BasicLSTMCell object at 0x2b29e9313150>: Using a concatenated state is slower and will soon be deprecated.  Use state_is_tuple=True.
WARNING:tensorflow:<tensorflow.python.ops.rnn_cell.BasicLSTMCell object at 0x2b29e8788490>: Using a concatenated state is slower and will soon be deprecated.  Use state_is_tuple=True.
Extracting ../data/train-images-idx3-ubyte.gz
Extracting ../data/train-labels-idx1-ubyte.gz
Extracting ../data/t10k-images-idx3-ubyte.gz
Extracting ../data/t10k-labels-idx1-ubyte.gz
Running LNGRU model with DAU of 4
('%s: Using a concatenated state is slower and will soon be deprecated.  Use state_is_tuple=True.', <layers.LNBasicLSTMCell object at 0x2b29e92e68d0>)
('%s: Using a concatenated state is slower and will soon be deprecated.  Use state_is_tuple=True.', <layers.HyperLnLSTMCell object at 0x2b29e92e6690>)
Using LNGRU model
Variable:0
Variable_1:0
RNN/MultiRNNCell/Cell0/LNGRUCell/Gates/Layer_Parameters/s1:0
RNN/MultiRNNCell/Cell0/LNGRUCell/Gates/Layer_Parameters/s2:0
RNN/MultiRNNCell/Cell0/LNGRUCell/Gates/Layer_Parameters/s3:0
RNN/MultiRNNCell/Cell0/LNGRUCell/Gates/Layer_Parameters/s4:0
RNN/MultiRNNCell/Cell0/LNGRUCell/Gates/Layer_Parameters/b1:0
RNN/MultiRNNCell/Cell0/LNGRUCell/Gates/Layer_Parameters/b2:0
RNN/MultiRNNCell/Cell0/LNGRUCell/Gates/Layer_Parameters/b3:0
RNN/MultiRNNCell/Cell0/LNGRUCell/Gates/Layer_Parameters/b4:0
RNN/MultiRNNCell/Cell0/LNGRUCell/Gates/out_1/Matrix:0
RNN/MultiRNNCell/Cell0/LNGRUCell/Gates/out_2/Matrix:0
RNN/MultiRNNCell/Cell0/LNGRUCell/Candidate/out_3/Matrix:0
RNN/MultiRNNCell/Cell0/LNGRUCell/Candidate/out_4/Matrix:0
Iter 1280, Minibatch Loss= 4.419646, Training Accuracy= 0.21094
Testing Accuracy: 0.289062
Iter 2560, Minibatch Loss= 2.688620, Training Accuracy= 0.36719
Testing Accuracy: 0.421875
Iter 3840, Minibatch Loss= 2.080668, Training Accuracy= 0.42969
Testing Accuracy: 0.398438
Iter 5120, Minibatch Loss= 1.261671, Training Accuracy= 0.58594
Testing Accuracy: 0.546875
Iter 6400, Minibatch Loss= 1.308188, Training Accuracy= 0.60156
Testing Accuracy: 0.601562
Iter 7680, Minibatch Loss= 1.632481, Training Accuracy= 0.57031
Testing Accuracy: 0.5625
Iter 8960, Minibatch Loss= 1.199770, Training Accuracy= 0.58594
Testing Accuracy: 0.5625
Iter 10240, Minibatch Loss= 0.940598, Training Accuracy= 0.74219
Testing Accuracy: 0.71875
Iter 11520, Minibatch Loss= 1.292252, Training Accuracy= 0.64844
Testing Accuracy: 0.671875
Iter 12800, Minibatch Loss= 1.229937, Training Accuracy= 0.54688
Testing Accuracy: 0.671875
Iter 14080, Minibatch Loss= 0.777351, Training Accuracy= 0.74219
Testing Accuracy: 0.78125
Iter 15360, Minibatch Loss= 0.719059, Training Accuracy= 0.72656
Testing Accuracy: 0.773438
Iter 16640, Minibatch Loss= 0.891887, Training Accuracy= 0.70312
Testing Accuracy: 0.734375
Iter 17920, Minibatch Loss= 0.705167, Training Accuracy= 0.71875
Testing Accuracy: 0.789062
Iter 19200, Minibatch Loss= 0.642808, Training Accuracy= 0.77344
Testing Accuracy: 0.804688
Iter 20480, Minibatch Loss= 0.332979, Training Accuracy= 0.87500
Testing Accuracy: 0.828125
Iter 21760, Minibatch Loss= 0.682589, Training Accuracy= 0.78125
Testing Accuracy: 0.84375
Iter 23040, Minibatch Loss= 0.473022, Training Accuracy= 0.85938
Testing Accuracy: 0.851562
Iter 24320, Minibatch Loss= 0.783442, Training Accuracy= 0.79688
Testing Accuracy: 0.8125
Iter 25600, Minibatch Loss= 0.523488, Training Accuracy= 0.81250
Testing Accuracy: 0.875
Iter 26880, Minibatch Loss= 0.465042, Training Accuracy= 0.79688
Testing Accuracy: 0.867188
Iter 28160, Minibatch Loss= 0.405622, Training Accuracy= 0.85156
Testing Accuracy: 0.867188
Iter 29440, Minibatch Loss= 0.497819, Training Accuracy= 0.81250
Testing Accuracy: 0.851562
Iter 30720, Minibatch Loss= 0.468385, Training Accuracy= 0.82812
Testing Accuracy: 0.867188
Iter 32000, Minibatch Loss= 0.513216, Training Accuracy= 0.84375
Testing Accuracy: 0.851562
Iter 33280, Minibatch Loss= 0.440191, Training Accuracy= 0.91406
Testing Accuracy: 0.882812
Iter 34560, Minibatch Loss= 0.447980, Training Accuracy= 0.85156
Testing Accuracy: 0.882812
Iter 35840, Minibatch Loss= 0.292929, Training Accuracy= 0.89062
Testing Accuracy: 0.851562
Iter 37120, Minibatch Loss= 0.419875, Training Accuracy= 0.85156
Testing Accuracy: 0.90625
Iter 38400, Minibatch Loss= 0.231215, Training Accuracy= 0.90625
Testing Accuracy: 0.890625
Iter 39680, Minibatch Loss= 0.309125, Training Accuracy= 0.88281
Testing Accuracy: 0.867188
Iter 40960, Minibatch Loss= 0.505960, Training Accuracy= 0.84375
Testing Accuracy: 0.914062
Iter 42240, Minibatch Loss= 0.371484, Training Accuracy= 0.85938
Testing Accuracy: 0.90625
Iter 43520, Minibatch Loss= 0.263178, Training Accuracy= 0.91406
Testing Accuracy: 0.875
Iter 44800, Minibatch Loss= 0.251606, Training Accuracy= 0.89844
Testing Accuracy: 0.90625
Iter 46080, Minibatch Loss= 0.186137, Training Accuracy= 0.92969
Testing Accuracy: 0.898438
Iter 47360, Minibatch Loss= 0.341978, Training Accuracy= 0.89062
Testing Accuracy: 0.953125
Iter 48640, Minibatch Loss= 0.460261, Training Accuracy= 0.87500
Testing Accuracy: 0.914062
Iter 49920, Minibatch Loss= 0.373054, Training Accuracy= 0.85938
Testing Accuracy: 0.851562
Iter 51200, Minibatch Loss= 0.284774, Training Accuracy= 0.89844
Testing Accuracy: 0.90625
Iter 52480, Minibatch Loss= 0.264150, Training Accuracy= 0.91406
Testing Accuracy: 0.929688
Iter 53760, Minibatch Loss= 0.101363, Training Accuracy= 0.98438
Testing Accuracy: 0.929688
Iter 55040, Minibatch Loss= 0.311971, Training Accuracy= 0.90625
Testing Accuracy: 0.875
Iter 56320, Minibatch Loss= 0.258129, Training Accuracy= 0.89062
Testing Accuracy: 0.851562
Iter 57600, Minibatch Loss= 0.281051, Training Accuracy= 0.91406
Testing Accuracy: 0.90625
Iter 58880, Minibatch Loss= 0.209860, Training Accuracy= 0.91406
Testing Accuracy: 0.9375
Iter 60160, Minibatch Loss= 0.294152, Training Accuracy= 0.91406
Testing Accuracy: 0.921875
Iter 61440, Minibatch Loss= 0.243179, Training Accuracy= 0.91406
Testing Accuracy: 0.929688
Iter 62720, Minibatch Loss= 0.231707, Training Accuracy= 0.93750
Testing Accuracy: 0.921875
Iter 64000, Minibatch Loss= 0.349456, Training Accuracy= 0.88281
Testing Accuracy: 0.96875
Iter 65280, Minibatch Loss= 0.147649, Training Accuracy= 0.94531
Testing Accuracy: 0.96875
Iter 66560, Minibatch Loss= 0.149095, Training Accuracy= 0.94531
Testing Accuracy: 0.945312
Iter 67840, Minibatch Loss= 0.213877, Training Accuracy= 0.92188
Testing Accuracy: 0.976562
Iter 69120, Minibatch Loss= 0.189371, Training Accuracy= 0.94531
Testing Accuracy: 0.945312
Iter 70400, Minibatch Loss= 0.204802, Training Accuracy= 0.93750
Testing Accuracy: 0.960938
Iter 71680, Minibatch Loss= 0.205376, Training Accuracy= 0.93750
Testing Accuracy: 0.960938
Iter 72960, Minibatch Loss= 0.167578, Training Accuracy= 0.94531
Testing Accuracy: 0.953125
Iter 74240, Minibatch Loss= 0.134800, Training Accuracy= 0.97656
Testing Accuracy: 0.96875
Iter 75520, Minibatch Loss= 0.254454, Training Accuracy= 0.92188
Testing Accuracy: 0.960938
Iter 76800, Minibatch Loss= 0.191800, Training Accuracy= 0.92188
Testing Accuracy: 0.960938
Iter 78080, Minibatch Loss= 0.261200, Training Accuracy= 0.92188
Testing Accuracy: 0.945312
Iter 79360, Minibatch Loss= 0.191751, Training Accuracy= 0.95312
Testing Accuracy: 0.96875
Iter 80640, Minibatch Loss= 0.172576, Training Accuracy= 0.95312
Testing Accuracy: 0.96875
Iter 81920, Minibatch Loss= 0.222789, Training Accuracy= 0.92969
Testing Accuracy: 0.960938
Iter 83200, Minibatch Loss= 0.312077, Training Accuracy= 0.90625
Testing Accuracy: 0.984375
Iter 84480, Minibatch Loss= 0.177848, Training Accuracy= 0.96875
Testing Accuracy: 0.945312
Iter 85760, Minibatch Loss= 0.172496, Training Accuracy= 0.95312
Testing Accuracy: 0.976562
Iter 87040, Minibatch Loss= 0.200663, Training Accuracy= 0.91406
Testing Accuracy: 0.953125
Iter 88320, Minibatch Loss= 0.162341, Training Accuracy= 0.96094
Testing Accuracy: 0.960938
Iter 89600, Minibatch Loss= 0.204840, Training Accuracy= 0.93750
Testing Accuracy: 0.976562
Iter 90880, Minibatch Loss= 0.188922, Training Accuracy= 0.94531
Testing Accuracy: 0.960938
Iter 92160, Minibatch Loss= 0.099784, Training Accuracy= 0.95312
Testing Accuracy: 0.976562
Iter 93440, Minibatch Loss= 0.210378, Training Accuracy= 0.93750
Testing Accuracy: 0.976562
Iter 94720, Minibatch Loss= 0.108854, Training Accuracy= 0.96875
Testing Accuracy: 0.96875
Iter 96000, Minibatch Loss= 0.227495, Training Accuracy= 0.92969
Testing Accuracy: 0.96875
Iter 97280, Minibatch Loss= 0.139678, Training Accuracy= 0.96094
Testing Accuracy: 0.960938
Iter 98560, Minibatch Loss= 0.110437, Training Accuracy= 0.96094
Testing Accuracy: 0.96875
Iter 99840, Minibatch Loss= 0.136651, Training Accuracy= 0.95312
Testing Accuracy: 0.953125
Optimization Finished!
Testing Accuracy: 0.953125
