WARNING:tensorflow:<tensorflow.python.ops.rnn_cell.BasicLSTMCell object at 0x2aaf2dc22150>: Using a concatenated state is slower and will soon be deprecated.  Use state_is_tuple=True.
WARNING:tensorflow:<tensorflow.python.ops.rnn_cell.BasicLSTMCell object at 0x2aaf2d097490>: Using a concatenated state is slower and will soon be deprecated.  Use state_is_tuple=True.
Extracting ../data/train-images-idx3-ubyte.gz
Extracting ../data/train-labels-idx1-ubyte.gz
Extracting ../data/t10k-images-idx3-ubyte.gz
Extracting ../data/t10k-labels-idx1-ubyte.gz
Running SNGRU model with DAU of 1
('%s: Using a concatenated state is slower and will soon be deprecated.  Use state_is_tuple=True.', <layers.LNBasicLSTMCell object at 0x2aaf2dbf58d0>)
('%s: Using a concatenated state is slower and will soon be deprecated.  Use state_is_tuple=True.', <layers.HyperLnLSTMCell object at 0x2aaf2dbf5690>)
Using SNGRU model
weight updated.......
weight updated.......
weight updated.......
weight updated.......
weight updated.......
weight updated.......
weight updated.......
weight updated.......
weight updated.......
weight updated.......
weight updated.......
weight updated.......
weight updated.......
weight updated.......
weight updated.......
weight updated.......
weight updated.......
weight updated.......
weight updated.......
weight updated.......
weight updated.......
weight updated.......
weight updated.......
weight updated.......
weight updated.......
weight updated.......
weight updated.......
weight updated.......
weight updated.......
weight updated.......
weight updated.......
weight updated.......
weight updated.......
weight updated.......
weight updated.......
weight updated.......
weight updated.......
weight updated.......
weight updated.......
weight updated.......
weight updated.......
weight updated.......
weight updated.......
weight updated.......
weight updated.......
weight updated.......
weight updated.......
weight updated.......
weight updated.......
weight updated.......
weight updated.......
weight updated.......
weight updated.......
weight updated.......
weight updated.......
weight updated.......
weight updated.......
weight updated.......
weight updated.......
weight updated.......
weight updated.......
weight updated.......
weight updated.......
weight updated.......
weight updated.......
weight updated.......
weight updated.......
weight updated.......
weight updated.......
weight updated.......
weight updated.......
weight updated.......
weight updated.......
weight updated.......
weight updated.......
weight updated.......
weight updated.......
weight updated.......
weight updated.......
weight updated.......
weight updated.......
weight updated.......
weight updated.......
weight updated.......
weight updated.......
weight updated.......
weight updated.......
weight updated.......
weight updated.......
weight updated.......
weight updated.......
weight updated.......
weight updated.......
weight updated.......
weight updated.......
weight updated.......
weight updated.......
weight updated.......
weight updated.......
weight updated.......
weight updated.......
weight updated.......
weight updated.......
weight updated.......
weight updated.......
weight updated.......
weight updated.......
weight updated.......
weight updated.......
weight updated.......
weight updated.......
weight updated.......
weight updated.......
weight updated.......
weight updated.......
weight updated.......
weight updated.......
weight updated.......
weight updated.......
weight updated.......
weight updated.......
weight updated.......
weight updated.......
weight updated.......
weight updated.......
weight updated.......
weight updated.......
weight updated.......
weight updated.......
weight updated.......
weight updated.......
weight updated.......
weight updated.......
weight updated.......
weight updated.......
weight updated.......
weight updated.......
weight updated.......
weight updated.......
weight updated.......
weight updated.......
weight updated.......
weight updated.......
weight updated.......
weight updated.......
weight updated.......
weight updated.......
weight updated.......
weight updated.......
weight updated.......
weight updated.......
weight updated.......
weight updated.......
weight updated.......
weight updated.......
weight updated.......
weight updated.......
weight updated.......
weight updated.......
weight updated.......
weight updated.......
weight updated.......
weight updated.......
weight updated.......
weight updated.......
weight updated.......
weight updated.......
weight updated.......
weight updated.......
weight updated.......
weight updated.......
weight updated.......
weight updated.......
weight updated.......
weight updated.......
weight updated.......
weight updated.......
weight updated.......
weight updated.......
weight updated.......
weight updated.......
weight updated.......
weight updated.......
weight updated.......
weight updated.......
weight updated.......
weight updated.......
weight updated.......
weight updated.......
weight updated.......
weight updated.......
weight updated.......
weight updated.......
weight updated.......
weight updated.......
weight updated.......
weight updated.......
weight updated.......
weight updated.......
weight updated.......
weight updated.......
weight updated.......
weight updated.......
weight updated.......
weight updated.......
weight updated.......
weight updated.......
weight updated.......
weight updated.......
weight updated.......
weight updated.......
weight updated.......
weight updated.......
weight updated.......
weight updated.......
weight updated.......
weight updated.......
weight updated.......
weight updated.......
weight updated.......
weight updated.......
weight updated.......
weight updated.......
weight updated.......
Variable:0
Variable_1:0
RNN/MultiRNNCell/Cell0/SNGRUCell/Gates/Layer_Parameters/s1:0
RNN/MultiRNNCell/Cell0/SNGRUCell/Gates/Layer_Parameters/s2:0
RNN/MultiRNNCell/Cell0/SNGRUCell/Gates/Layer_Parameters/s3:0
RNN/MultiRNNCell/Cell0/SNGRUCell/Gates/Layer_Parameters/s4:0
RNN/MultiRNNCell/Cell0/SNGRUCell/Gates/Layer_Parameters/b1:0
RNN/MultiRNNCell/Cell0/SNGRUCell/Gates/Layer_Parameters/b2:0
RNN/MultiRNNCell/Cell0/SNGRUCell/Gates/Layer_Parameters/b3:0
RNN/MultiRNNCell/Cell0/SNGRUCell/Gates/Layer_Parameters/b4:0
RNN/MultiRNNCell/Cell0/SNGRUCell/Gates/out_1/Matrix:0
RNN/MultiRNNCell/Cell0/SNGRUCell/Gates/g_insm/s_w_updated_flag:0
RNN/MultiRNNCell/Cell0/SNGRUCell/Gates/g_insm/g_w_updated_flag:0
RNN/MultiRNNCell/Cell0/SNGRUCell/Gates/g_insv/s_w_updated_flag:0
RNN/MultiRNNCell/Cell0/SNGRUCell/Gates/g_insv/g_w_updated_flag:0
RNN/MultiRNNCell/Cell0/SNGRUCell/Gates/out_2/Matrix:0
RNN/MultiRNNCell/Cell0/SNGRUCell/Gates/g_stsm/s_w_updated_flag:0
RNN/MultiRNNCell/Cell0/SNGRUCell/Gates/g_stsm/g_w_updated_flag:0
RNN/MultiRNNCell/Cell0/SNGRUCell/Gates/g_stsv/s_w_updated_flag:0
RNN/MultiRNNCell/Cell0/SNGRUCell/Gates/g_stsv/g_w_updated_flag:0
RNN/MultiRNNCell/Cell0/SNGRUCell/Candidate/out_3/Matrix:0
RNN/MultiRNNCell/Cell0/SNGRUCell/Candidate/c_insm/s_w_updated_flag:0
RNN/MultiRNNCell/Cell0/SNGRUCell/Candidate/c_insm/g_w_updated_flag:0
RNN/MultiRNNCell/Cell0/SNGRUCell/Candidate/c_insv/s_w_updated_flag:0
RNN/MultiRNNCell/Cell0/SNGRUCell/Candidate/c_insv/g_w_updated_flag:0
RNN/MultiRNNCell/Cell0/SNGRUCell/Candidate/out_4/Matrix:0
RNN/MultiRNNCell/Cell0/SNGRUCell/Candidate/c_stsm/s_w_updated_flag:0
RNN/MultiRNNCell/Cell0/SNGRUCell/Candidate/c_stsm/g_w_updated_flag:0
RNN/MultiRNNCell/Cell0/SNGRUCell/Candidate/c_stsv/s_w_updated_flag:0
RNN/MultiRNNCell/Cell0/SNGRUCell/Candidate/c_stsv/g_w_updated_flag:0
c_insv/g_w_updated_flag:0
c_insm/g_w_updated_flag:0
c_stsv/g_w_updated_flag:0
c_stsm/g_w_updated_flag:0
g_insv/g_w_updated_flag:0
g_stsv/g_w_updated_flag:0
g_insm/g_w_updated_flag:0
g_stsm/g_w_updated_flag:0
Iter 1280, Minibatch Loss= 2.696390, Training Accuracy= 0.35938
Testing Accuracy: 0.296875
Iter 2560, Minibatch Loss= 2.175873, Training Accuracy= 0.53125
Testing Accuracy: 0.460938
Iter 3840, Minibatch Loss= 2.137835, Training Accuracy= 0.54688
Testing Accuracy: 0.578125
Iter 5120, Minibatch Loss= 1.586267, Training Accuracy= 0.53125
Testing Accuracy: 0.585938
Iter 6400, Minibatch Loss= 1.710566, Training Accuracy= 0.56250
Testing Accuracy: 0.632812
Iter 7680, Minibatch Loss= 1.770770, Training Accuracy= 0.58594
Testing Accuracy: 0.65625
Iter 8960, Minibatch Loss= 1.217777, Training Accuracy= 0.62500
Testing Accuracy: 0.632812
Iter 10240, Minibatch Loss= 1.260161, Training Accuracy= 0.60938
Testing Accuracy: 0.625
Iter 11520, Minibatch Loss= 1.248354, Training Accuracy= 0.60156
Testing Accuracy: 0.65625
Iter 12800, Minibatch Loss= 1.606586, Training Accuracy= 0.55469
Testing Accuracy: 0.640625
Iter 14080, Minibatch Loss= 1.161026, Training Accuracy= 0.62500
Testing Accuracy: 0.65625
Iter 15360, Minibatch Loss= 1.274072, Training Accuracy= 0.57031
Testing Accuracy: 0.640625
Iter 16640, Minibatch Loss= 1.992857, Training Accuracy= 0.48438
Testing Accuracy: 0.570312
Iter 17920, Minibatch Loss= 2.098489, Training Accuracy= 0.45312
Testing Accuracy: 0.53125
Iter 19200, Minibatch Loss= 1.667447, Training Accuracy= 0.53125
Testing Accuracy: 0.617188
Iter 20480, Minibatch Loss= 1.322454, Training Accuracy= 0.60156
Testing Accuracy: 0.601562
Iter 21760, Minibatch Loss= 1.387103, Training Accuracy= 0.58594
Testing Accuracy: 0.5625
Iter 23040, Minibatch Loss= 1.290807, Training Accuracy= 0.58594
Testing Accuracy: 0.546875
Iter 24320, Minibatch Loss= 1.921074, Training Accuracy= 0.50781
Testing Accuracy: 0.484375
Iter 25600, Minibatch Loss= 1.734715, Training Accuracy= 0.50000
Testing Accuracy: 0.578125
Iter 26880, Minibatch Loss= 1.253178, Training Accuracy= 0.64062
Testing Accuracy: 0.609375
Iter 28160, Minibatch Loss= 1.554501, Training Accuracy= 0.53906
Testing Accuracy: 0.585938
Iter 29440, Minibatch Loss= 1.372432, Training Accuracy= 0.57812
Testing Accuracy: 0.617188
Iter 30720, Minibatch Loss= 1.550478, Training Accuracy= 0.57031
Testing Accuracy: 0.609375
Iter 32000, Minibatch Loss= 1.383105, Training Accuracy= 0.56250
Testing Accuracy: 0.5625
Iter 33280, Minibatch Loss= 1.441288, Training Accuracy= 0.56250
Testing Accuracy: 0.546875
Iter 34560, Minibatch Loss= 1.430291, Training Accuracy= 0.61719
Testing Accuracy: 0.570312
Iter 35840, Minibatch Loss= 1.155679, Training Accuracy= 0.64062
Testing Accuracy: 0.578125
Iter 37120, Minibatch Loss= 1.318906, Training Accuracy= 0.58594
Testing Accuracy: 0.59375
Iter 38400, Minibatch Loss= 0.954919, Training Accuracy= 0.75781
Testing Accuracy: 0.585938
Iter 39680, Minibatch Loss= 1.148560, Training Accuracy= 0.64062
Testing Accuracy: 0.578125
Iter 40960, Minibatch Loss= 1.450961, Training Accuracy= 0.57031
Testing Accuracy: 0.578125
Iter 42240, Minibatch Loss= 1.428462, Training Accuracy= 0.57031
Testing Accuracy: 0.609375
Iter 43520, Minibatch Loss= 1.141890, Training Accuracy= 0.63281
Testing Accuracy: 0.617188
Iter 44800, Minibatch Loss= 1.134763, Training Accuracy= 0.56250
Testing Accuracy: 0.609375
Iter 46080, Minibatch Loss= 1.171748, Training Accuracy= 0.65625
Testing Accuracy: 0.609375
Iter 47360, Minibatch Loss= 1.148154, Training Accuracy= 0.66406
Testing Accuracy: 0.625
Iter 48640, Minibatch Loss= 1.014090, Training Accuracy= 0.66406
Testing Accuracy: 0.617188
Iter 49920, Minibatch Loss= 1.287751, Training Accuracy= 0.60156
Testing Accuracy: 0.601562
Iter 51200, Minibatch Loss= 1.048796, Training Accuracy= 0.65625
Testing Accuracy: 0.59375
Iter 52480, Minibatch Loss= 1.028753, Training Accuracy= 0.72656
Testing Accuracy: 0.609375
Iter 53760, Minibatch Loss= 1.040747, Training Accuracy= 0.66406
Testing Accuracy: 0.625
Iter 55040, Minibatch Loss= 1.355953, Training Accuracy= 0.55469
Testing Accuracy: 0.609375
Iter 56320, Minibatch Loss= 1.226444, Training Accuracy= 0.64062
Testing Accuracy: 0.601562
Iter 57600, Minibatch Loss= 1.180198, Training Accuracy= 0.66406
Testing Accuracy: 0.617188
Iter 58880, Minibatch Loss= 1.218451, Training Accuracy= 0.61719
Testing Accuracy: 0.648438
Iter 60160, Minibatch Loss= 1.050126, Training Accuracy= 0.64062
Testing Accuracy: 0.65625
Iter 61440, Minibatch Loss= 1.167376, Training Accuracy= 0.65625
Testing Accuracy: 0.65625
Iter 62720, Minibatch Loss= 1.168467, Training Accuracy= 0.60938
Testing Accuracy: 0.65625
Iter 64000, Minibatch Loss= 1.245393, Training Accuracy= 0.60156
Testing Accuracy: 0.632812
Iter 65280, Minibatch Loss= 1.057762, Training Accuracy= 0.65625
Testing Accuracy: 0.640625
Iter 66560, Minibatch Loss= 1.237576, Training Accuracy= 0.62500
Testing Accuracy: 0.640625
Iter 67840, Minibatch Loss= 1.013134, Training Accuracy= 0.67969
Testing Accuracy: 0.664062
Iter 69120, Minibatch Loss= 1.115274, Training Accuracy= 0.67188
Testing Accuracy: 0.65625
Iter 70400, Minibatch Loss= 1.162104, Training Accuracy= 0.58594
Testing Accuracy: 0.648438
Iter 71680, Minibatch Loss= 1.105796, Training Accuracy= 0.63281
Testing Accuracy: 0.640625
Iter 72960, Minibatch Loss= 1.005469, Training Accuracy= 0.63281
Testing Accuracy: 0.65625
Iter 74240, Minibatch Loss= 1.037501, Training Accuracy= 0.67188
Testing Accuracy: 0.664062
Iter 75520, Minibatch Loss= 1.113996, Training Accuracy= 0.64062
Testing Accuracy: 0.648438
Iter 76800, Minibatch Loss= 1.027162, Training Accuracy= 0.61719
Testing Accuracy: 0.640625
Iter 78080, Minibatch Loss= 0.921328, Training Accuracy= 0.67969
Testing Accuracy: 0.640625
Iter 79360, Minibatch Loss= 0.963871, Training Accuracy= 0.71094
Testing Accuracy: 0.664062
Iter 80640, Minibatch Loss= 1.187521, Training Accuracy= 0.63281
Testing Accuracy: 0.65625
Iter 81920, Minibatch Loss= 0.999703, Training Accuracy= 0.69531
Testing Accuracy: 0.65625
Iter 83200, Minibatch Loss= 0.917284, Training Accuracy= 0.72656
Testing Accuracy: 0.648438
Iter 84480, Minibatch Loss= 1.291356, Training Accuracy= 0.62500
Testing Accuracy: 0.664062
Iter 85760, Minibatch Loss= 1.036849, Training Accuracy= 0.67188
Testing Accuracy: 0.664062
Iter 87040, Minibatch Loss= 1.129781, Training Accuracy= 0.65625
Testing Accuracy: 0.6875
Iter 88320, Minibatch Loss= 1.203609, Training Accuracy= 0.66406
Testing Accuracy: 0.703125
Iter 89600, Minibatch Loss= 1.248120, Training Accuracy= 0.59375
Testing Accuracy: 0.726562
Iter 90880, Minibatch Loss= 1.212146, Training Accuracy= 0.67188
Testing Accuracy: 0.671875
Iter 92160, Minibatch Loss= 1.144528, Training Accuracy= 0.62500
Testing Accuracy: 0.679688
Iter 93440, Minibatch Loss= 0.948632, Training Accuracy= 0.68750
Testing Accuracy: 0.671875
Iter 94720, Minibatch Loss= 0.994067, Training Accuracy= 0.64062
Testing Accuracy: 0.695312
Iter 96000, Minibatch Loss= 0.994023, Training Accuracy= 0.68750
Testing Accuracy: 0.695312
Iter 97280, Minibatch Loss= 0.874728, Training Accuracy= 0.68750
Testing Accuracy: 0.6875
Iter 98560, Minibatch Loss= 1.168669, Training Accuracy= 0.60156
Testing Accuracy: 0.71875
Iter 99840, Minibatch Loss= 1.074192, Training Accuracy= 0.67188
Testing Accuracy: 0.703125
Optimization Finished!
Testing Accuracy: 0.710938
