WARNING:tensorflow:<tensorflow.python.ops.rnn_cell.BasicLSTMCell object at 0x2b418be31150>: Using a concatenated state is slower and will soon be deprecated.  Use state_is_tuple=True.
WARNING:tensorflow:<tensorflow.python.ops.rnn_cell.BasicLSTMCell object at 0x2b418b2a6490>: Using a concatenated state is slower and will soon be deprecated.  Use state_is_tuple=True.
Extracting ../data/train-images-idx3-ubyte.gz
Extracting ../data/train-labels-idx1-ubyte.gz
Extracting ../data/t10k-images-idx3-ubyte.gz
Extracting ../data/t10k-labels-idx1-ubyte.gz
Running SNGRU model with DAU of 4
('%s: Using a concatenated state is slower and will soon be deprecated.  Use state_is_tuple=True.', <layers.LNBasicLSTMCell object at 0x2b418be048d0>)
('%s: Using a concatenated state is slower and will soon be deprecated.  Use state_is_tuple=True.', <layers.HyperLnLSTMCell object at 0x2b418be04690>)
Using SNGRU model
weight updated.......
weight updated.......
weight updated.......
weight updated.......
weight updated.......
weight updated.......
weight updated.......
weight updated.......
weight updated.......
weight updated.......
weight updated.......
weight updated.......
weight updated.......
weight updated.......
weight updated.......
weight updated.......
weight updated.......
weight updated.......
weight updated.......
weight updated.......
weight updated.......
weight updated.......
weight updated.......
weight updated.......
weight updated.......
weight updated.......
weight updated.......
weight updated.......
weight updated.......
weight updated.......
weight updated.......
weight updated.......
weight updated.......
weight updated.......
weight updated.......
weight updated.......
weight updated.......
weight updated.......
weight updated.......
weight updated.......
weight updated.......
weight updated.......
weight updated.......
weight updated.......
weight updated.......
weight updated.......
weight updated.......
weight updated.......
weight updated.......
weight updated.......
weight updated.......
weight updated.......
weight updated.......
weight updated.......
weight updated.......
weight updated.......
weight updated.......
weight updated.......
weight updated.......
weight updated.......
weight updated.......
weight updated.......
weight updated.......
weight updated.......
weight updated.......
weight updated.......
weight updated.......
weight updated.......
weight updated.......
weight updated.......
weight updated.......
weight updated.......
weight updated.......
weight updated.......
weight updated.......
weight updated.......
weight updated.......
weight updated.......
weight updated.......
weight updated.......
weight updated.......
weight updated.......
weight updated.......
weight updated.......
weight updated.......
weight updated.......
weight updated.......
weight updated.......
weight updated.......
weight updated.......
weight updated.......
weight updated.......
weight updated.......
weight updated.......
weight updated.......
weight updated.......
weight updated.......
weight updated.......
weight updated.......
weight updated.......
weight updated.......
weight updated.......
weight updated.......
weight updated.......
weight updated.......
weight updated.......
weight updated.......
weight updated.......
weight updated.......
weight updated.......
weight updated.......
weight updated.......
weight updated.......
weight updated.......
weight updated.......
weight updated.......
weight updated.......
weight updated.......
weight updated.......
weight updated.......
weight updated.......
weight updated.......
weight updated.......
weight updated.......
weight updated.......
weight updated.......
weight updated.......
weight updated.......
weight updated.......
weight updated.......
weight updated.......
weight updated.......
weight updated.......
weight updated.......
weight updated.......
weight updated.......
weight updated.......
weight updated.......
weight updated.......
weight updated.......
weight updated.......
weight updated.......
weight updated.......
weight updated.......
weight updated.......
weight updated.......
weight updated.......
weight updated.......
weight updated.......
weight updated.......
weight updated.......
weight updated.......
weight updated.......
weight updated.......
weight updated.......
weight updated.......
weight updated.......
weight updated.......
weight updated.......
weight updated.......
weight updated.......
weight updated.......
weight updated.......
weight updated.......
weight updated.......
weight updated.......
weight updated.......
weight updated.......
weight updated.......
weight updated.......
weight updated.......
weight updated.......
weight updated.......
weight updated.......
weight updated.......
weight updated.......
weight updated.......
weight updated.......
weight updated.......
weight updated.......
weight updated.......
weight updated.......
weight updated.......
weight updated.......
weight updated.......
weight updated.......
weight updated.......
weight updated.......
weight updated.......
weight updated.......
weight updated.......
weight updated.......
weight updated.......
weight updated.......
weight updated.......
weight updated.......
weight updated.......
weight updated.......
weight updated.......
weight updated.......
weight updated.......
weight updated.......
weight updated.......
weight updated.......
weight updated.......
weight updated.......
weight updated.......
weight updated.......
weight updated.......
weight updated.......
weight updated.......
weight updated.......
weight updated.......
weight updated.......
weight updated.......
weight updated.......
weight updated.......
weight updated.......
weight updated.......
weight updated.......
weight updated.......
weight updated.......
weight updated.......
weight updated.......
Variable:0
Variable_1:0
RNN/MultiRNNCell/Cell0/SNGRUCell/Gates/Layer_Parameters/s1:0
RNN/MultiRNNCell/Cell0/SNGRUCell/Gates/Layer_Parameters/s2:0
RNN/MultiRNNCell/Cell0/SNGRUCell/Gates/Layer_Parameters/s3:0
RNN/MultiRNNCell/Cell0/SNGRUCell/Gates/Layer_Parameters/s4:0
RNN/MultiRNNCell/Cell0/SNGRUCell/Gates/Layer_Parameters/b1:0
RNN/MultiRNNCell/Cell0/SNGRUCell/Gates/Layer_Parameters/b2:0
RNN/MultiRNNCell/Cell0/SNGRUCell/Gates/Layer_Parameters/b3:0
RNN/MultiRNNCell/Cell0/SNGRUCell/Gates/Layer_Parameters/b4:0
RNN/MultiRNNCell/Cell0/SNGRUCell/Gates/out_1/Matrix:0
RNN/MultiRNNCell/Cell0/SNGRUCell/Gates/g_insm/s_w_updated_flag:0
RNN/MultiRNNCell/Cell0/SNGRUCell/Gates/g_insm/g_w_updated_flag:0
RNN/MultiRNNCell/Cell0/SNGRUCell/Gates/g_insv/s_w_updated_flag:0
RNN/MultiRNNCell/Cell0/SNGRUCell/Gates/g_insv/g_w_updated_flag:0
RNN/MultiRNNCell/Cell0/SNGRUCell/Gates/out_2/Matrix:0
RNN/MultiRNNCell/Cell0/SNGRUCell/Gates/g_stsm/s_w_updated_flag:0
RNN/MultiRNNCell/Cell0/SNGRUCell/Gates/g_stsm/g_w_updated_flag:0
RNN/MultiRNNCell/Cell0/SNGRUCell/Gates/g_stsv/s_w_updated_flag:0
RNN/MultiRNNCell/Cell0/SNGRUCell/Gates/g_stsv/g_w_updated_flag:0
RNN/MultiRNNCell/Cell0/SNGRUCell/Candidate/out_3/Matrix:0
RNN/MultiRNNCell/Cell0/SNGRUCell/Candidate/c_insm/s_w_updated_flag:0
RNN/MultiRNNCell/Cell0/SNGRUCell/Candidate/c_insm/g_w_updated_flag:0
RNN/MultiRNNCell/Cell0/SNGRUCell/Candidate/c_insv/s_w_updated_flag:0
RNN/MultiRNNCell/Cell0/SNGRUCell/Candidate/c_insv/g_w_updated_flag:0
RNN/MultiRNNCell/Cell0/SNGRUCell/Candidate/out_4/Matrix:0
RNN/MultiRNNCell/Cell0/SNGRUCell/Candidate/c_stsm/s_w_updated_flag:0
RNN/MultiRNNCell/Cell0/SNGRUCell/Candidate/c_stsm/g_w_updated_flag:0
RNN/MultiRNNCell/Cell0/SNGRUCell/Candidate/c_stsv/s_w_updated_flag:0
RNN/MultiRNNCell/Cell0/SNGRUCell/Candidate/c_stsv/g_w_updated_flag:0
c_insv/g_w_updated_flag:0
c_insm/g_w_updated_flag:0
c_stsv/g_w_updated_flag:0
c_stsm/g_w_updated_flag:0
g_insv/g_w_updated_flag:0
g_stsv/g_w_updated_flag:0
g_insm/g_w_updated_flag:0
g_stsm/g_w_updated_flag:0
Iter 1280, Minibatch Loss= 3.660050, Training Accuracy= 0.30469
Testing Accuracy: 0.226562
Iter 2560, Minibatch Loss= 2.403888, Training Accuracy= 0.45312
Testing Accuracy: 0.429688
Iter 3840, Minibatch Loss= 2.595075, Training Accuracy= 0.41406
Testing Accuracy: 0.453125
Iter 5120, Minibatch Loss= 1.516163, Training Accuracy= 0.57031
Testing Accuracy: 0.53125
Iter 6400, Minibatch Loss= 1.431584, Training Accuracy= 0.62500
Testing Accuracy: 0.507812
Iter 7680, Minibatch Loss= 1.831345, Training Accuracy= 0.54688
Testing Accuracy: 0.570312
Iter 8960, Minibatch Loss= 1.427783, Training Accuracy= 0.61719
Testing Accuracy: 0.554688
Iter 10240, Minibatch Loss= 1.184327, Training Accuracy= 0.64062
Testing Accuracy: 0.539062
Iter 11520, Minibatch Loss= 1.264350, Training Accuracy= 0.60938
Testing Accuracy: 0.5625
Iter 12800, Minibatch Loss= 1.775399, Training Accuracy= 0.51562
Testing Accuracy: 0.601562
Iter 14080, Minibatch Loss= 0.926664, Training Accuracy= 0.71094
Testing Accuracy: 0.601562
Iter 15360, Minibatch Loss= 0.816727, Training Accuracy= 0.68750
Testing Accuracy: 0.625
Iter 16640, Minibatch Loss= 0.995875, Training Accuracy= 0.66406
Testing Accuracy: 0.640625
Iter 17920, Minibatch Loss= 1.197850, Training Accuracy= 0.73438
Testing Accuracy: 0.65625
Iter 19200, Minibatch Loss= 0.961534, Training Accuracy= 0.69531
Testing Accuracy: 0.664062
Iter 20480, Minibatch Loss= 0.909057, Training Accuracy= 0.71094
Testing Accuracy: 0.664062
Iter 21760, Minibatch Loss= 1.061718, Training Accuracy= 0.70312
Testing Accuracy: 0.671875
Iter 23040, Minibatch Loss= 0.604671, Training Accuracy= 0.78906
Testing Accuracy: 0.695312
Iter 24320, Minibatch Loss= 1.126276, Training Accuracy= 0.71875
Testing Accuracy: 0.71875
Iter 25600, Minibatch Loss= 1.031305, Training Accuracy= 0.69531
Testing Accuracy: 0.671875
Iter 26880, Minibatch Loss= 1.055218, Training Accuracy= 0.66406
Testing Accuracy: 0.664062
Iter 28160, Minibatch Loss= 1.077418, Training Accuracy= 0.67969
Testing Accuracy: 0.679688
Iter 29440, Minibatch Loss= 0.766576, Training Accuracy= 0.74219
Testing Accuracy: 0.75
Iter 30720, Minibatch Loss= 0.889750, Training Accuracy= 0.73438
Testing Accuracy: 0.71875
Iter 32000, Minibatch Loss= 0.703441, Training Accuracy= 0.76562
Testing Accuracy: 0.726562
Iter 33280, Minibatch Loss= 0.791287, Training Accuracy= 0.70312
Testing Accuracy: 0.703125
Iter 34560, Minibatch Loss= 1.031387, Training Accuracy= 0.70312
Testing Accuracy: 0.742188
Iter 35840, Minibatch Loss= 0.786134, Training Accuracy= 0.81250
Testing Accuracy: 0.734375
Iter 37120, Minibatch Loss= 0.870743, Training Accuracy= 0.75000
Testing Accuracy: 0.726562
Iter 38400, Minibatch Loss= 0.504690, Training Accuracy= 0.86719
Testing Accuracy: 0.671875
Iter 39680, Minibatch Loss= 0.488837, Training Accuracy= 0.80469
Testing Accuracy: 0.679688
Iter 40960, Minibatch Loss= 1.125108, Training Accuracy= 0.67969
Testing Accuracy: 0.796875
Iter 42240, Minibatch Loss= 0.680277, Training Accuracy= 0.78906
Testing Accuracy: 0.757812
Iter 43520, Minibatch Loss= 0.650188, Training Accuracy= 0.76562
Testing Accuracy: 0.75
Iter 44800, Minibatch Loss= 0.445333, Training Accuracy= 0.84375
Testing Accuracy: 0.75
Iter 46080, Minibatch Loss= 0.664288, Training Accuracy= 0.80469
Testing Accuracy: 0.640625
Iter 47360, Minibatch Loss= 0.925254, Training Accuracy= 0.78906
Testing Accuracy: 0.609375
Iter 48640, Minibatch Loss= 0.951071, Training Accuracy= 0.78125
Testing Accuracy: 0.65625
Iter 49920, Minibatch Loss= 1.709945, Training Accuracy= 0.51562
Testing Accuracy: 0.601562
Iter 51200, Minibatch Loss= 1.367929, Training Accuracy= 0.63281
Testing Accuracy: 0.5625
Iter 52480, Minibatch Loss= 0.751177, Training Accuracy= 0.77344
Testing Accuracy: 0.671875
Iter 53760, Minibatch Loss= 0.998446, Training Accuracy= 0.61719
Testing Accuracy: 0.710938
Iter 55040, Minibatch Loss= 0.944194, Training Accuracy= 0.71094
Testing Accuracy: 0.679688
Iter 56320, Minibatch Loss= 1.002546, Training Accuracy= 0.71094
Testing Accuracy: 0.648438
Iter 57600, Minibatch Loss= 0.725399, Training Accuracy= 0.73438
Testing Accuracy: 0.664062
Iter 58880, Minibatch Loss= 1.011400, Training Accuracy= 0.71094
Testing Accuracy: 0.648438
Iter 60160, Minibatch Loss= 1.261248, Training Accuracy= 0.66406
Testing Accuracy: 0.625
Iter 61440, Minibatch Loss= 1.158889, Training Accuracy= 0.63281
Testing Accuracy: 0.609375
Iter 62720, Minibatch Loss= 1.378656, Training Accuracy= 0.58594
Testing Accuracy: 0.578125
Iter 64000, Minibatch Loss= 1.392052, Training Accuracy= 0.52344
Testing Accuracy: 0.648438
Iter 65280, Minibatch Loss= 1.151936, Training Accuracy= 0.64844
Testing Accuracy: 0.65625
Iter 66560, Minibatch Loss= 1.127395, Training Accuracy= 0.65625
Testing Accuracy: 0.601562
Iter 67840, Minibatch Loss= 1.445539, Training Accuracy= 0.54688
Testing Accuracy: 0.570312
Iter 69120, Minibatch Loss= 1.510836, Training Accuracy= 0.56250
Testing Accuracy: 0.5625
Iter 70400, Minibatch Loss= 1.033086, Training Accuracy= 0.63281
Testing Accuracy: 0.570312
Iter 71680, Minibatch Loss= 1.175814, Training Accuracy= 0.63281
Testing Accuracy: 0.609375
Iter 72960, Minibatch Loss= 1.058780, Training Accuracy= 0.60938
Testing Accuracy: 0.632812
Iter 74240, Minibatch Loss= 1.017232, Training Accuracy= 0.70312
Testing Accuracy: 0.539062
Iter 75520, Minibatch Loss= nan, Training Accuracy= 0.07031
Testing Accuracy: 0.078125
Iter 76800, Minibatch Loss= nan, Training Accuracy= 0.13281
Testing Accuracy: 0.078125
Iter 78080, Minibatch Loss= nan, Training Accuracy= 0.13281
Testing Accuracy: 0.078125
Iter 79360, Minibatch Loss= nan, Training Accuracy= 0.08594
Testing Accuracy: 0.078125
Iter 80640, Minibatch Loss= nan, Training Accuracy= 0.14062
Testing Accuracy: 0.078125
Iter 81920, Minibatch Loss= nan, Training Accuracy= 0.10938
Testing Accuracy: 0.078125
Iter 83200, Minibatch Loss= nan, Training Accuracy= 0.09375
Testing Accuracy: 0.078125
Iter 84480, Minibatch Loss= nan, Training Accuracy= 0.07812
Testing Accuracy: 0.078125
Iter 85760, Minibatch Loss= nan, Training Accuracy= 0.07812
Testing Accuracy: 0.078125
Iter 87040, Minibatch Loss= nan, Training Accuracy= 0.10156
Testing Accuracy: 0.078125
Iter 88320, Minibatch Loss= nan, Training Accuracy= 0.10938
Testing Accuracy: 0.078125
Iter 89600, Minibatch Loss= nan, Training Accuracy= 0.07031
Testing Accuracy: 0.078125
Iter 90880, Minibatch Loss= nan, Training Accuracy= 0.09375
Testing Accuracy: 0.078125
Iter 92160, Minibatch Loss= nan, Training Accuracy= 0.09375
Testing Accuracy: 0.078125
Iter 93440, Minibatch Loss= nan, Training Accuracy= 0.10938
Testing Accuracy: 0.078125
Iter 94720, Minibatch Loss= nan, Training Accuracy= 0.08594
Testing Accuracy: 0.078125
Iter 96000, Minibatch Loss= nan, Training Accuracy= 0.09375
Testing Accuracy: 0.078125
Iter 97280, Minibatch Loss= nan, Training Accuracy= 0.10156
Testing Accuracy: 0.078125
Iter 98560, Minibatch Loss= nan, Training Accuracy= 0.12500
Testing Accuracy: 0.078125
Iter 99840, Minibatch Loss= nan, Training Accuracy= 0.10938
Testing Accuracy: 0.078125
Optimization Finished!
Testing Accuracy: 0.078125
