WARNING:tensorflow:<tensorflow.python.ops.rnn_cell.BasicLSTMCell object at 0x2b6dbaf36150>: Using a concatenated state is slower and will soon be deprecated.  Use state_is_tuple=True.
WARNING:tensorflow:<tensorflow.python.ops.rnn_cell.BasicLSTMCell object at 0x2b6dba3ab490>: Using a concatenated state is slower and will soon be deprecated.  Use state_is_tuple=True.
Extracting ../data/train-images-idx3-ubyte.gz
Extracting ../data/train-labels-idx1-ubyte.gz
Extracting ../data/t10k-images-idx3-ubyte.gz
Extracting ../data/t10k-labels-idx1-ubyte.gz
Running SNGRU model with DAU of 2
('%s: Using a concatenated state is slower and will soon be deprecated.  Use state_is_tuple=True.', <layers.LNBasicLSTMCell object at 0x2b6dbaf0a8d0>)
('%s: Using a concatenated state is slower and will soon be deprecated.  Use state_is_tuple=True.', <layers.HyperLnLSTMCell object at 0x2b6dbaf0a690>)
Using SNGRU model
weight updated.......
weight updated.......
weight updated.......
weight updated.......
weight updated.......
weight updated.......
weight updated.......
weight updated.......
weight updated.......
weight updated.......
weight updated.......
weight updated.......
weight updated.......
weight updated.......
weight updated.......
weight updated.......
weight updated.......
weight updated.......
weight updated.......
weight updated.......
weight updated.......
weight updated.......
weight updated.......
weight updated.......
weight updated.......
weight updated.......
weight updated.......
weight updated.......
weight updated.......
weight updated.......
weight updated.......
weight updated.......
weight updated.......
weight updated.......
weight updated.......
weight updated.......
weight updated.......
weight updated.......
weight updated.......
weight updated.......
weight updated.......
weight updated.......
weight updated.......
weight updated.......
weight updated.......
weight updated.......
weight updated.......
weight updated.......
weight updated.......
weight updated.......
weight updated.......
weight updated.......
weight updated.......
weight updated.......
weight updated.......
weight updated.......
weight updated.......
weight updated.......
weight updated.......
weight updated.......
weight updated.......
weight updated.......
weight updated.......
weight updated.......
weight updated.......
weight updated.......
weight updated.......
weight updated.......
weight updated.......
weight updated.......
weight updated.......
weight updated.......
weight updated.......
weight updated.......
weight updated.......
weight updated.......
weight updated.......
weight updated.......
weight updated.......
weight updated.......
weight updated.......
weight updated.......
weight updated.......
weight updated.......
weight updated.......
weight updated.......
weight updated.......
weight updated.......
weight updated.......
weight updated.......
weight updated.......
weight updated.......
weight updated.......
weight updated.......
weight updated.......
weight updated.......
weight updated.......
weight updated.......
weight updated.......
weight updated.......
weight updated.......
weight updated.......
weight updated.......
weight updated.......
weight updated.......
weight updated.......
weight updated.......
weight updated.......
weight updated.......
weight updated.......
weight updated.......
weight updated.......
weight updated.......
weight updated.......
weight updated.......
weight updated.......
weight updated.......
weight updated.......
weight updated.......
weight updated.......
weight updated.......
weight updated.......
weight updated.......
weight updated.......
weight updated.......
weight updated.......
weight updated.......
weight updated.......
weight updated.......
weight updated.......
weight updated.......
weight updated.......
weight updated.......
weight updated.......
weight updated.......
weight updated.......
weight updated.......
weight updated.......
weight updated.......
weight updated.......
weight updated.......
weight updated.......
weight updated.......
weight updated.......
weight updated.......
weight updated.......
weight updated.......
weight updated.......
weight updated.......
weight updated.......
weight updated.......
weight updated.......
weight updated.......
weight updated.......
weight updated.......
weight updated.......
weight updated.......
weight updated.......
weight updated.......
weight updated.......
weight updated.......
weight updated.......
weight updated.......
weight updated.......
weight updated.......
weight updated.......
weight updated.......
weight updated.......
weight updated.......
weight updated.......
weight updated.......
weight updated.......
weight updated.......
weight updated.......
weight updated.......
weight updated.......
weight updated.......
weight updated.......
weight updated.......
weight updated.......
weight updated.......
weight updated.......
weight updated.......
weight updated.......
weight updated.......
weight updated.......
weight updated.......
weight updated.......
weight updated.......
weight updated.......
weight updated.......
weight updated.......
weight updated.......
weight updated.......
weight updated.......
weight updated.......
weight updated.......
weight updated.......
weight updated.......
weight updated.......
weight updated.......
weight updated.......
weight updated.......
weight updated.......
weight updated.......
weight updated.......
weight updated.......
weight updated.......
weight updated.......
weight updated.......
weight updated.......
weight updated.......
weight updated.......
weight updated.......
weight updated.......
weight updated.......
weight updated.......
weight updated.......
weight updated.......
weight updated.......
weight updated.......
weight updated.......
weight updated.......
weight updated.......
Variable:0
Variable_1:0
RNN/MultiRNNCell/Cell0/SNGRUCell/Gates/Layer_Parameters/s1:0
RNN/MultiRNNCell/Cell0/SNGRUCell/Gates/Layer_Parameters/s2:0
RNN/MultiRNNCell/Cell0/SNGRUCell/Gates/Layer_Parameters/s3:0
RNN/MultiRNNCell/Cell0/SNGRUCell/Gates/Layer_Parameters/s4:0
RNN/MultiRNNCell/Cell0/SNGRUCell/Gates/Layer_Parameters/b1:0
RNN/MultiRNNCell/Cell0/SNGRUCell/Gates/Layer_Parameters/b2:0
RNN/MultiRNNCell/Cell0/SNGRUCell/Gates/Layer_Parameters/b3:0
RNN/MultiRNNCell/Cell0/SNGRUCell/Gates/Layer_Parameters/b4:0
RNN/MultiRNNCell/Cell0/SNGRUCell/Gates/out_1/Matrix:0
RNN/MultiRNNCell/Cell0/SNGRUCell/Gates/g_insm/s_w_updated_flag:0
RNN/MultiRNNCell/Cell0/SNGRUCell/Gates/g_insm/g_w_updated_flag:0
RNN/MultiRNNCell/Cell0/SNGRUCell/Gates/g_insv/s_w_updated_flag:0
RNN/MultiRNNCell/Cell0/SNGRUCell/Gates/g_insv/g_w_updated_flag:0
RNN/MultiRNNCell/Cell0/SNGRUCell/Gates/out_2/Matrix:0
RNN/MultiRNNCell/Cell0/SNGRUCell/Gates/g_stsm/s_w_updated_flag:0
RNN/MultiRNNCell/Cell0/SNGRUCell/Gates/g_stsm/g_w_updated_flag:0
RNN/MultiRNNCell/Cell0/SNGRUCell/Gates/g_stsv/s_w_updated_flag:0
RNN/MultiRNNCell/Cell0/SNGRUCell/Gates/g_stsv/g_w_updated_flag:0
RNN/MultiRNNCell/Cell0/SNGRUCell/Candidate/out_3/Matrix:0
RNN/MultiRNNCell/Cell0/SNGRUCell/Candidate/c_insm/s_w_updated_flag:0
RNN/MultiRNNCell/Cell0/SNGRUCell/Candidate/c_insm/g_w_updated_flag:0
RNN/MultiRNNCell/Cell0/SNGRUCell/Candidate/c_insv/s_w_updated_flag:0
RNN/MultiRNNCell/Cell0/SNGRUCell/Candidate/c_insv/g_w_updated_flag:0
RNN/MultiRNNCell/Cell0/SNGRUCell/Candidate/out_4/Matrix:0
RNN/MultiRNNCell/Cell0/SNGRUCell/Candidate/c_stsm/s_w_updated_flag:0
RNN/MultiRNNCell/Cell0/SNGRUCell/Candidate/c_stsm/g_w_updated_flag:0
RNN/MultiRNNCell/Cell0/SNGRUCell/Candidate/c_stsv/s_w_updated_flag:0
RNN/MultiRNNCell/Cell0/SNGRUCell/Candidate/c_stsv/g_w_updated_flag:0
c_insv/g_w_updated_flag:0
c_insm/g_w_updated_flag:0
c_stsv/g_w_updated_flag:0
c_stsm/g_w_updated_flag:0
g_insv/g_w_updated_flag:0
g_stsv/g_w_updated_flag:0
g_insm/g_w_updated_flag:0
g_stsm/g_w_updated_flag:0
Iter 1280, Minibatch Loss= 2.515970, Training Accuracy= 0.40625
Testing Accuracy: 0.304688
Iter 2560, Minibatch Loss= 2.575363, Training Accuracy= 0.53906
Testing Accuracy: 0.359375
Iter 3840, Minibatch Loss= 2.421467, Training Accuracy= 0.49219
Testing Accuracy: 0.375
Iter 5120, Minibatch Loss= 1.872404, Training Accuracy= 0.51562
Testing Accuracy: 0.476562
Iter 6400, Minibatch Loss= 1.571163, Training Accuracy= 0.59375
Testing Accuracy: 0.46875
Iter 7680, Minibatch Loss= 2.025288, Training Accuracy= 0.54688
Testing Accuracy: 0.523438
Iter 8960, Minibatch Loss= 1.796255, Training Accuracy= 0.57812
Testing Accuracy: 0.523438
Iter 10240, Minibatch Loss= 1.512880, Training Accuracy= 0.56250
Testing Accuracy: 0.554688
Iter 11520, Minibatch Loss= 1.580618, Training Accuracy= 0.60938
Testing Accuracy: 0.570312
Iter 12800, Minibatch Loss= 1.922160, Training Accuracy= 0.53125
Testing Accuracy: 0.578125
Iter 14080, Minibatch Loss= 1.008178, Training Accuracy= 0.66406
Testing Accuracy: 0.59375
Iter 15360, Minibatch Loss= 1.252320, Training Accuracy= 0.62500
Testing Accuracy: 0.601562
Iter 16640, Minibatch Loss= 1.539567, Training Accuracy= 0.57812
Testing Accuracy: 0.59375
Iter 17920, Minibatch Loss= 1.346929, Training Accuracy= 0.59375
Testing Accuracy: 0.578125
Iter 19200, Minibatch Loss= 1.179245, Training Accuracy= 0.66406
Testing Accuracy: 0.617188
Iter 20480, Minibatch Loss= 0.930643, Training Accuracy= 0.71875
Testing Accuracy: 0.601562
Iter 21760, Minibatch Loss= 1.568409, Training Accuracy= 0.60156
Testing Accuracy: 0.609375
Iter 23040, Minibatch Loss= 1.108745, Training Accuracy= 0.72656
Testing Accuracy: 0.632812
Iter 24320, Minibatch Loss= 1.337987, Training Accuracy= 0.66406
Testing Accuracy: 0.609375
Iter 25600, Minibatch Loss= 1.416171, Training Accuracy= 0.62500
Testing Accuracy: 0.65625
Iter 26880, Minibatch Loss= 1.065424, Training Accuracy= 0.68750
Testing Accuracy: 0.65625
Iter 28160, Minibatch Loss= 1.196730, Training Accuracy= 0.67188
Testing Accuracy: 0.671875
Iter 29440, Minibatch Loss= 1.142750, Training Accuracy= 0.64062
Testing Accuracy: 0.671875
Iter 30720, Minibatch Loss= 1.197770, Training Accuracy= 0.64844
Testing Accuracy: 0.6875
Iter 32000, Minibatch Loss= 0.991999, Training Accuracy= 0.71094
Testing Accuracy: 0.71875
Iter 33280, Minibatch Loss= 1.105483, Training Accuracy= 0.67969
Testing Accuracy: 0.726562
Iter 34560, Minibatch Loss= 1.179314, Training Accuracy= 0.65625
Testing Accuracy: 0.71875
Iter 35840, Minibatch Loss= 0.985660, Training Accuracy= 0.77344
Testing Accuracy: 0.703125
Iter 37120, Minibatch Loss= 0.911051, Training Accuracy= 0.74219
Testing Accuracy: 0.695312
Iter 38400, Minibatch Loss= 0.593598, Training Accuracy= 0.77344
Testing Accuracy: 0.6875
Iter 39680, Minibatch Loss= 0.724699, Training Accuracy= 0.74219
Testing Accuracy: 0.679688
Iter 40960, Minibatch Loss= 1.336708, Training Accuracy= 0.63281
Testing Accuracy: 0.6875
Iter 42240, Minibatch Loss= 1.090220, Training Accuracy= 0.67188
Testing Accuracy: 0.6875
Iter 43520, Minibatch Loss= 0.693039, Training Accuracy= 0.78906
Testing Accuracy: 0.695312
Iter 44800, Minibatch Loss= 0.630611, Training Accuracy= 0.74219
Testing Accuracy: 0.6875
Iter 46080, Minibatch Loss= 0.680404, Training Accuracy= 0.80469
Testing Accuracy: 0.6875
Iter 47360, Minibatch Loss= 0.869214, Training Accuracy= 0.75781
Testing Accuracy: 0.734375
Iter 48640, Minibatch Loss= 0.794420, Training Accuracy= 0.76562
Testing Accuracy: 0.71875
Iter 49920, Minibatch Loss= 1.089486, Training Accuracy= 0.70312
Testing Accuracy: 0.703125
Iter 51200, Minibatch Loss= 0.606134, Training Accuracy= 0.77344
Testing Accuracy: 0.726562
Iter 52480, Minibatch Loss= 0.673010, Training Accuracy= 0.77344
Testing Accuracy: 0.726562
Iter 53760, Minibatch Loss= 0.782560, Training Accuracy= 0.76562
Testing Accuracy: 0.695312
Iter 55040, Minibatch Loss= 1.155920, Training Accuracy= 0.62500
Testing Accuracy: 0.546875
Iter 56320, Minibatch Loss= 1.932688, Training Accuracy= 0.48438
Testing Accuracy: 0.453125
Iter 57600, Minibatch Loss= 2.044140, Training Accuracy= 0.48438
Testing Accuracy: 0.53125
Iter 58880, Minibatch Loss= 1.716886, Training Accuracy= 0.54688
Testing Accuracy: 0.546875
Iter 60160, Minibatch Loss= 2.047455, Training Accuracy= 0.43750
Testing Accuracy: 0.453125
Iter 61440, Minibatch Loss= 1.731393, Training Accuracy= 0.56250
Testing Accuracy: 0.570312
Iter 62720, Minibatch Loss= 1.543604, Training Accuracy= 0.56250
Testing Accuracy: 0.546875
Iter 64000, Minibatch Loss= 2.391706, Training Accuracy= 0.44531
Testing Accuracy: 0.53125
Iter 65280, Minibatch Loss= 2.532218, Training Accuracy= 0.44531
Testing Accuracy: 0.484375
Iter 66560, Minibatch Loss= 2.270583, Training Accuracy= 0.39062
Testing Accuracy: 0.460938
Iter 67840, Minibatch Loss= 2.501316, Training Accuracy= 0.38281
Testing Accuracy: 0.445312
Iter 69120, Minibatch Loss= 1.618944, Training Accuracy= 0.53125
Testing Accuracy: 0.476562
Iter 70400, Minibatch Loss= 2.076648, Training Accuracy= 0.42188
Testing Accuracy: 0.484375
Iter 71680, Minibatch Loss= 1.783481, Training Accuracy= 0.47656
Testing Accuracy: 0.453125
Iter 72960, Minibatch Loss= 1.885267, Training Accuracy= 0.52344
Testing Accuracy: 0.515625
Iter 74240, Minibatch Loss= 1.775292, Training Accuracy= 0.50000
Testing Accuracy: 0.539062
Iter 75520, Minibatch Loss= 1.490563, Training Accuracy= 0.53125
Testing Accuracy: 0.53125
Iter 76800, Minibatch Loss= 1.969240, Training Accuracy= 0.33594
Testing Accuracy: 0.296875
Iter 78080, Minibatch Loss= 2.212065, Training Accuracy= 0.29688
Testing Accuracy: 0.234375
Iter 79360, Minibatch Loss= 1.974167, Training Accuracy= 0.28125
Testing Accuracy: 0.25
Iter 80640, Minibatch Loss= 1.850222, Training Accuracy= 0.40625
Testing Accuracy: 0.335938
Iter 81920, Minibatch Loss= 1.876012, Training Accuracy= 0.42969
Testing Accuracy: 0.40625
Iter 83200, Minibatch Loss= 1.605587, Training Accuracy= 0.46094
Testing Accuracy: 0.398438
Iter 84480, Minibatch Loss= 1.695610, Training Accuracy= 0.46094
Testing Accuracy: 0.421875
Iter 85760, Minibatch Loss= 1.550083, Training Accuracy= 0.54688
Testing Accuracy: 0.445312
Iter 87040, Minibatch Loss= 1.612227, Training Accuracy= 0.50000
Testing Accuracy: 0.460938
Iter 88320, Minibatch Loss= 1.685709, Training Accuracy= 0.50781
Testing Accuracy: 0.46875
Iter 89600, Minibatch Loss= 1.339170, Training Accuracy= 0.60938
Testing Accuracy: 0.46875
Iter 90880, Minibatch Loss= 1.351123, Training Accuracy= 0.53906
Testing Accuracy: 0.484375
Iter 92160, Minibatch Loss= 1.387129, Training Accuracy= 0.53906
Testing Accuracy: 0.5
Iter 93440, Minibatch Loss= 1.828630, Training Accuracy= 0.50781
Testing Accuracy: 0.523438
Iter 94720, Minibatch Loss= 1.519973, Training Accuracy= 0.49219
Testing Accuracy: 0.53125
Iter 96000, Minibatch Loss= 1.604489, Training Accuracy= 0.50000
Testing Accuracy: 0.539062
Iter 97280, Minibatch Loss= 1.379171, Training Accuracy= 0.60156
Testing Accuracy: 0.546875
Iter 98560, Minibatch Loss= 1.287368, Training Accuracy= 0.64062
Testing Accuracy: 0.546875
Iter 99840, Minibatch Loss= 1.366322, Training Accuracy= 0.57812
Testing Accuracy: 0.53125
Optimization Finished!
Testing Accuracy: 0.53125
