WARNING:tensorflow:<tensorflow.python.ops.rnn_cell.BasicLSTMCell object at 0x2afe5b2ce350>: Using a concatenated state is slower and will soon be deprecated.  Use state_is_tuple=True.
WARNING:tensorflow:<tensorflow.python.ops.rnn_cell.BasicLSTMCell object at 0x2afe5a98d690>: Using a concatenated state is slower and will soon be deprecated.  Use state_is_tuple=True.
Extracting ../data/train-images-idx3-ubyte.gz
Extracting ../data/train-labels-idx1-ubyte.gz
Extracting ../data/t10k-images-idx3-ubyte.gz
Extracting ../data/t10k-labels-idx1-ubyte.gz
Learning rate: 0.001
Batch size: 200
Hidden units: 100
DAU: 1
Cell type: SNGRU
alpha, beta, kappa: 
[0.7, 0.3]
[0.7, 0.3, 0]
[0.7, 0.3, 0.7, 0.3]
('%s: Using a concatenated state is slower and will soon be deprecated.  Use state_is_tuple=True.', <layers.LNBasicLSTMCell object at 0x2afe5b2aed10>)
('%s: Using a concatenated state is slower and will soon be deprecated.  Use state_is_tuple=True.', <layers.HyperLnLSTMCell object at 0x2afe5b2ae610>)
Using SNGRU model
weight updated.......
weight updated.......
weight updated.......
weight updated.......
weight updated.......
weight updated.......
weight updated.......
weight updated.......
weight updated.......
weight updated.......
weight updated.......
weight updated.......
weight updated.......
weight updated.......
weight updated.......
weight updated.......
weight updated.......
weight updated.......
weight updated.......
weight updated.......
weight updated.......
weight updated.......
weight updated.......
weight updated.......
weight updated.......
weight updated.......
weight updated.......
weight updated.......
weight updated.......
weight updated.......
weight updated.......
weight updated.......
weight updated.......
weight updated.......
weight updated.......
weight updated.......
weight updated.......
weight updated.......
weight updated.......
weight updated.......
weight updated.......
weight updated.......
weight updated.......
weight updated.......
weight updated.......
weight updated.......
weight updated.......
weight updated.......
weight updated.......
weight updated.......
weight updated.......
weight updated.......
weight updated.......
weight updated.......
weight updated.......
weight updated.......
weight updated.......
weight updated.......
weight updated.......
weight updated.......
weight updated.......
weight updated.......
weight updated.......
weight updated.......
weight updated.......
weight updated.......
weight updated.......
weight updated.......
weight updated.......
weight updated.......
weight updated.......
weight updated.......
weight updated.......
weight updated.......
weight updated.......
weight updated.......
weight updated.......
weight updated.......
weight updated.......
weight updated.......
weight updated.......
weight updated.......
weight updated.......
weight updated.......
weight updated.......
weight updated.......
weight updated.......
weight updated.......
weight updated.......
weight updated.......
weight updated.......
weight updated.......
weight updated.......
weight updated.......
weight updated.......
weight updated.......
weight updated.......
weight updated.......
weight updated.......
weight updated.......
weight updated.......
weight updated.......
weight updated.......
weight updated.......
weight updated.......
weight updated.......
weight updated.......
weight updated.......
weight updated.......
weight updated.......
weight updated.......
weight updated.......
weight updated.......
weight updated.......
weight updated.......
weight updated.......
weight updated.......
weight updated.......
weight updated.......
weight updated.......
weight updated.......
weight updated.......
weight updated.......
weight updated.......
weight updated.......
weight updated.......
weight updated.......
weight updated.......
weight updated.......
weight updated.......
weight updated.......
weight updated.......
weight updated.......
weight updated.......
weight updated.......
weight updated.......
weight updated.......
weight updated.......
weight updated.......
weight updated.......
weight updated.......
weight updated.......
weight updated.......
weight updated.......
weight updated.......
weight updated.......
weight updated.......
weight updated.......
weight updated.......
weight updated.......
weight updated.......
weight updated.......
weight updated.......
weight updated.......
weight updated.......
weight updated.......
weight updated.......
weight updated.......
weight updated.......
weight updated.......
weight updated.......
weight updated.......
weight updated.......
weight updated.......
weight updated.......
weight updated.......
weight updated.......
weight updated.......
weight updated.......
weight updated.......
weight updated.......
weight updated.......
weight updated.......
weight updated.......
weight updated.......
weight updated.......
weight updated.......
weight updated.......
weight updated.......
weight updated.......
weight updated.......
weight updated.......
weight updated.......
weight updated.......
weight updated.......
weight updated.......
weight updated.......
weight updated.......
weight updated.......
weight updated.......
weight updated.......
weight updated.......
weight updated.......
weight updated.......
weight updated.......
weight updated.......
weight updated.......
weight updated.......
weight updated.......
weight updated.......
weight updated.......
weight updated.......
weight updated.......
weight updated.......
weight updated.......
weight updated.......
weight updated.......
weight updated.......
weight updated.......
weight updated.......
weight updated.......
weight updated.......
weight updated.......
weight updated.......
weight updated.......
weight updated.......
weight updated.......
weight updated.......
weight updated.......
weight updated.......
weight updated.......
weight updated.......
weight updated.......
weight updated.......
Variable:0
Variable_1:0
RNN/MultiRNNCell/Cell0/SNGRUCell/Gates/Layer_Parameters/s1:0
RNN/MultiRNNCell/Cell0/SNGRUCell/Gates/Layer_Parameters/s2:0
RNN/MultiRNNCell/Cell0/SNGRUCell/Gates/Layer_Parameters/s3:0
RNN/MultiRNNCell/Cell0/SNGRUCell/Gates/Layer_Parameters/s4:0
RNN/MultiRNNCell/Cell0/SNGRUCell/Gates/Layer_Parameters/b1:0
RNN/MultiRNNCell/Cell0/SNGRUCell/Gates/Layer_Parameters/b2:0
RNN/MultiRNNCell/Cell0/SNGRUCell/Gates/Layer_Parameters/b3:0
RNN/MultiRNNCell/Cell0/SNGRUCell/Gates/Layer_Parameters/b4:0
RNN/MultiRNNCell/Cell0/SNGRUCell/Gates/out_1/Matrix:0
RNN/MultiRNNCell/Cell0/SNGRUCell/Gates/g_insm/s_w_updated_flag:0
RNN/MultiRNNCell/Cell0/SNGRUCell/Gates/g_insm/g_w_updated_flag:0
RNN/MultiRNNCell/Cell0/SNGRUCell/Gates/g_insv/s_w_updated_flag:0
RNN/MultiRNNCell/Cell0/SNGRUCell/Gates/g_insv/g_w_updated_flag:0
RNN/MultiRNNCell/Cell0/SNGRUCell/Gates/out_2/Matrix:0
RNN/MultiRNNCell/Cell0/SNGRUCell/Gates/g_stsm/s_w_updated_flag:0
RNN/MultiRNNCell/Cell0/SNGRUCell/Gates/g_stsm/g_w_updated_flag:0
RNN/MultiRNNCell/Cell0/SNGRUCell/Gates/g_stsv/s_w_updated_flag:0
RNN/MultiRNNCell/Cell0/SNGRUCell/Gates/g_stsv/g_w_updated_flag:0
RNN/MultiRNNCell/Cell0/SNGRUCell/Candidate/out_3/Matrix:0
RNN/MultiRNNCell/Cell0/SNGRUCell/Candidate/c_insm/s_w_updated_flag:0
RNN/MultiRNNCell/Cell0/SNGRUCell/Candidate/c_insm/g_w_updated_flag:0
RNN/MultiRNNCell/Cell0/SNGRUCell/Candidate/c_insv/s_w_updated_flag:0
RNN/MultiRNNCell/Cell0/SNGRUCell/Candidate/c_insv/g_w_updated_flag:0
RNN/MultiRNNCell/Cell0/SNGRUCell/Candidate/out_4/Matrix:0
RNN/MultiRNNCell/Cell0/SNGRUCell/Candidate/c_stsm/s_w_updated_flag:0
RNN/MultiRNNCell/Cell0/SNGRUCell/Candidate/c_stsm/g_w_updated_flag:0
RNN/MultiRNNCell/Cell0/SNGRUCell/Candidate/c_stsv/s_w_updated_flag:0
RNN/MultiRNNCell/Cell0/SNGRUCell/Candidate/c_stsv/g_w_updated_flag:0
c_insv/g_w_updated_flag:0
c_insm/g_w_updated_flag:0
c_stsv/g_w_updated_flag:0
c_stsm/g_w_updated_flag:0
g_insv/g_w_updated_flag:0
g_stsv/g_w_updated_flag:0
g_insm/g_w_updated_flag:0
g_stsm/g_w_updated_flag:0
Iter 2000, Minibatch Loss= 3.866876, Training Accuracy= 0.27000
Testing Accuracy: 0.304688
Iter 4000, Minibatch Loss= 3.041601, Training Accuracy= 0.41000
Testing Accuracy: 0.367188
Iter 6000, Minibatch Loss= 1.643177, Training Accuracy= 0.55500
Testing Accuracy: 0.421875
Iter 8000, Minibatch Loss= 1.977105, Training Accuracy= 0.46500
Testing Accuracy: 0.453125
Iter 10000, Minibatch Loss= 1.594524, Training Accuracy= 0.53000
Testing Accuracy: 0.476562
Iter 12000, Minibatch Loss= 1.530245, Training Accuracy= 0.58000
Testing Accuracy: 0.53125
Iter 14000, Minibatch Loss= 1.144006, Training Accuracy= 0.65500
Testing Accuracy: 0.546875
Iter 16000, Minibatch Loss= 1.997378, Training Accuracy= 0.51000
Testing Accuracy: 0.46875
Iter 18000, Minibatch Loss= 1.337533, Training Accuracy= 0.57000
Testing Accuracy: 0.539062
Iter 20000, Minibatch Loss= 1.370732, Training Accuracy= 0.58500
Testing Accuracy: 0.554688
Iter 22000, Minibatch Loss= 1.198328, Training Accuracy= 0.63000
Testing Accuracy: 0.570312
Iter 24000, Minibatch Loss= 1.336066, Training Accuracy= 0.64000
Testing Accuracy: 0.609375
Iter 26000, Minibatch Loss= 1.241733, Training Accuracy= 0.63000
Testing Accuracy: 0.640625
Iter 28000, Minibatch Loss= 1.209799, Training Accuracy= 0.65000
Testing Accuracy: 0.640625
Iter 30000, Minibatch Loss= 1.147985, Training Accuracy= 0.63500
Testing Accuracy: 0.65625
Iter 32000, Minibatch Loss= 1.067428, Training Accuracy= 0.69000
Testing Accuracy: 0.65625
Iter 34000, Minibatch Loss= 0.827458, Training Accuracy= 0.73500
Testing Accuracy: 0.648438
Iter 36000, Minibatch Loss= 0.832174, Training Accuracy= 0.76000
Testing Accuracy: 0.648438
Iter 38000, Minibatch Loss= 1.229381, Training Accuracy= 0.63500
Testing Accuracy: 0.625
Iter 40000, Minibatch Loss= 1.291066, Training Accuracy= 0.60000
Testing Accuracy: 0.640625
Iter 42000, Minibatch Loss= 1.019748, Training Accuracy= 0.65000
Testing Accuracy: 0.625
Iter 44000, Minibatch Loss= 1.189673, Training Accuracy= 0.65000
Testing Accuracy: 0.640625
Iter 46000, Minibatch Loss= 0.914715, Training Accuracy= 0.69500
Testing Accuracy: 0.65625
Iter 48000, Minibatch Loss= 1.142066, Training Accuracy= 0.66500
Testing Accuracy: 0.65625
Iter 50000, Minibatch Loss= 1.286247, Training Accuracy= 0.63000
Testing Accuracy: 0.625
Iter 52000, Minibatch Loss= 0.913180, Training Accuracy= 0.70000
Testing Accuracy: 0.640625
Iter 54000, Minibatch Loss= 0.685137, Training Accuracy= 0.76500
Testing Accuracy: 0.625
Iter 56000, Minibatch Loss= 1.012993, Training Accuracy= 0.70000
Testing Accuracy: 0.640625
Iter 58000, Minibatch Loss= 0.841903, Training Accuracy= 0.72000
Testing Accuracy: 0.679688
Iter 60000, Minibatch Loss= 0.759779, Training Accuracy= 0.71500
Testing Accuracy: 0.6875
Iter 62000, Minibatch Loss= 0.955222, Training Accuracy= 0.69000
Testing Accuracy: 0.695312
Iter 64000, Minibatch Loss= 0.895548, Training Accuracy= 0.75500
Testing Accuracy: 0.710938
Iter 66000, Minibatch Loss= 0.962354, Training Accuracy= 0.72000
Testing Accuracy: 0.695312
Iter 68000, Minibatch Loss= 0.988420, Training Accuracy= 0.68000
Testing Accuracy: 0.703125
Iter 70000, Minibatch Loss= 0.823168, Training Accuracy= 0.70500
Testing Accuracy: 0.710938
Iter 72000, Minibatch Loss= 0.709846, Training Accuracy= 0.76000
Testing Accuracy: 0.71875
Iter 74000, Minibatch Loss= 0.762398, Training Accuracy= 0.73500
Testing Accuracy: 0.710938
Iter 76000, Minibatch Loss= 0.931522, Training Accuracy= 0.71500
Testing Accuracy: 0.726562
Iter 78000, Minibatch Loss= 0.810791, Training Accuracy= 0.70000
Testing Accuracy: 0.726562
Iter 80000, Minibatch Loss= 0.827599, Training Accuracy= 0.73500
Testing Accuracy: 0.726562
Iter 82000, Minibatch Loss= 0.782348, Training Accuracy= 0.71000
Testing Accuracy: 0.71875
Iter 84000, Minibatch Loss= 0.776605, Training Accuracy= 0.72500
Testing Accuracy: 0.734375
Iter 86000, Minibatch Loss= 0.860355, Training Accuracy= 0.71500
Testing Accuracy: 0.765625
Iter 88000, Minibatch Loss= 0.740241, Training Accuracy= 0.76000
Testing Accuracy: 0.765625
Iter 90000, Minibatch Loss= 0.777910, Training Accuracy= 0.77500
Testing Accuracy: 0.75
Iter 92000, Minibatch Loss= 0.797938, Training Accuracy= 0.73500
Testing Accuracy: 0.734375
Iter 94000, Minibatch Loss= 0.696349, Training Accuracy= 0.76500
Testing Accuracy: 0.734375
Iter 96000, Minibatch Loss= 0.710695, Training Accuracy= 0.80000
Testing Accuracy: 0.78125
Iter 98000, Minibatch Loss= 0.628237, Training Accuracy= 0.76500
Testing Accuracy: 0.78125
Optimization Finished!
Testing Accuracy: 0.765625
